[debug] [2022-11-11T17:39:57.352Z] ----------------------------------------------------------------------
[debug] [2022-11-11T17:39:57.353Z] Command:       E:\Program Files\nodejs\node.exe C:\Users\cseja\AppData\Roaming\npm\node_modules\firebase-tools\lib\bin\firebase.js deploy
[debug] [2022-11-11T17:39:57.354Z] CLI Version:   11.16.0
[debug] [2022-11-11T17:39:57.354Z] Platform:      win32
[debug] [2022-11-11T17:39:57.354Z] Node Version:  v16.15.1
[debug] [2022-11-11T17:39:57.421Z] Time:          Fri Nov 11 2022 23:39:57 GMT+0600 (Bangladesh Standard Time)
[debug] [2022-11-11T17:39:57.422Z] ----------------------------------------------------------------------
[debug] 
[debug] [2022-11-11T17:39:57.504Z] > command requires scopes: ["email","openid","https://www.googleapis.com/auth/cloudplatformprojects.readonly","https://www.googleapis.com/auth/firebase","https://www.googleapis.com/auth/cloud-platform"]
[debug] [2022-11-11T17:39:57.504Z] > authorizing via signed-in user (csejayem19@gmail.com)
[debug] [2022-11-11T17:39:57.504Z] [iam] checking project dental-care-amjayem for permissions ["firebase.projects.get","firebasehosting.sites.update"]
[debug] [2022-11-11T17:39:57.506Z] > refreshing access token with scopes: []
[debug] [2022-11-11T17:39:57.508Z] >>> [apiv2][query] POST https://www.googleapis.com/oauth2/v3/token [none]
[debug] [2022-11-11T17:39:57.508Z] >>> [apiv2][body] POST https://www.googleapis.com/oauth2/v3/token [omitted]
[debug] [2022-11-11T17:39:57.996Z] <<< [apiv2][status] POST https://www.googleapis.com/oauth2/v3/token 200
[debug] [2022-11-11T17:39:57.996Z] <<< [apiv2][body] POST https://www.googleapis.com/oauth2/v3/token [omitted]
[debug] [2022-11-11T17:39:58.060Z] >>> [apiv2][query] POST https://cloudresourcemanager.googleapis.com/v1/projects/dental-care-amjayem:testIamPermissions [none]
[debug] [2022-11-11T17:39:58.060Z] >>> [apiv2][(partial)header] POST https://cloudresourcemanager.googleapis.com/v1/projects/dental-care-amjayem:testIamPermissions x-goog-quota-user=projects/dental-care-amjayem
[debug] [2022-11-11T17:39:58.061Z] >>> [apiv2][body] POST https://cloudresourcemanager.googleapis.com/v1/projects/dental-care-amjayem:testIamPermissions {"permissions":["firebase.projects.get","firebasehosting.sites.update"]}
[debug] [2022-11-11T17:39:59.761Z] <<< [apiv2][status] POST https://cloudresourcemanager.googleapis.com/v1/projects/dental-care-amjayem:testIamPermissions 200
[debug] [2022-11-11T17:39:59.761Z] <<< [apiv2][body] POST https://cloudresourcemanager.googleapis.com/v1/projects/dental-care-amjayem:testIamPermissions {"permissions":["firebase.projects.get","firebasehosting.sites.update"]}
[debug] [2022-11-11T17:39:59.762Z] >>> [apiv2][query] GET https://firebase.googleapis.com/v1beta1/projects/dental-care-amjayem [none]
[debug] [2022-11-11T17:40:00.583Z] <<< [apiv2][status] GET https://firebase.googleapis.com/v1beta1/projects/dental-care-amjayem 200
[debug] [2022-11-11T17:40:00.583Z] <<< [apiv2][body] GET https://firebase.googleapis.com/v1beta1/projects/dental-care-amjayem {"projectId":"dental-care-amjayem","projectNumber":"324395409426","displayName":"dental-care-amjayem","name":"projects/dental-care-amjayem","resources":{"hostingSite":"dental-care-amjayem"},"state":"ACTIVE","etag":"1_05a617d2-44a0-46dd-b8ba-ed15854d0f3f"}
[info] 
[info] === Deploying to 'dental-care-amjayem'...
[info] 
[info] i  deploying hosting 
[debug] [2022-11-11T17:40:00.590Z] >>> [apiv2][query] POST https://firebasehosting.googleapis.com/v1beta1/projects/-/sites/dental-care-amjayem/versions [none]
[debug] [2022-11-11T17:40:00.590Z] >>> [apiv2][body] POST https://firebasehosting.googleapis.com/v1beta1/projects/-/sites/dental-care-amjayem/versions {"status":"CREATED","labels":{"deployment-tool":"cli-firebase"}}
[debug] [2022-11-11T17:40:02.112Z] <<< [apiv2][status] POST https://firebasehosting.googleapis.com/v1beta1/projects/-/sites/dental-care-amjayem/versions 200
[debug] [2022-11-11T17:40:02.113Z] <<< [apiv2][body] POST https://firebasehosting.googleapis.com/v1beta1/projects/-/sites/dental-care-amjayem/versions {"name":"projects/324395409426/sites/dental-care-amjayem/versions/27c195cb72aa183f","status":"CREATED","config":{},"labels":{"deployment-tool":"cli-firebase"}}
[info] i  hosting[dental-care-amjayem]: beginning deploy... 
[info] i  hosting[dental-care-amjayem]: found 16 files in build 
[debug] [2022-11-11T17:40:02.135Z] [hosting] uploading with 200 concurrency
[debug] [2022-11-11T17:40:02.382Z] [hosting] hash cache [YnVpbGQ] stored for 16 files
[debug] [2022-11-11T17:40:02.382Z] [hosting][hash queue][FINAL] {"max":235,"min":2,"avg":24.5,"active":0,"complete":16,"success":16,"errored":0,"retried":0,"total":16,"elapsed":239}
[debug] [2022-11-11T17:40:02.382Z] >>> [apiv2][query] POST https://firebasehosting.googleapis.com/v1beta1/projects/324395409426/sites/dental-care-amjayem/versions/27c195cb72aa183f:populateFiles [none]
[debug] [2022-11-11T17:40:02.383Z] >>> [apiv2][body] POST https://firebasehosting.googleapis.com/v1beta1/projects/324395409426/sites/dental-care-amjayem/versions/27c195cb72aa183f:populateFiles {"files":{"/favicon.ico":"eae62e993eb980ec8a25058c39d5a51feab118bd2100c4deebb2a9c158ec11f9","/logo192.png":"3ee59515172ee198f3be375979df15ac5345183e656720a381b8872b2a39dc8b","/logo512.png":"ee7e2f3fdb8209c4b6fd7bef6ba50d1b9dba30a25bb5c3126df057e1cb6f5331","/manifest.json":"aff3449bdc238776f5d6d967f19ec491b36aed5fb7f23ccff6500736fd58494a","/robots.txt":"bfe106a3fb878dc83461c86818bf74fc1bdc7f28538ba613cd3e775516ce8b49","/tooth.png":"c3d2e02388e1121736f5a2329a7791e6dc0279c1b4733118af88b4bbbf5a13ed","/asset-manifest.json":"8175d43929f2e69c8cc339eb970ae51077808a59a794ff6be74ccc8d94bea0fe","/index.html":"bde9c78b5dcfda086f8054c4c7a34aa9bb2be0755ebc10ddfac4e4af56552297","/static/js/787.230f3968.chunk.js":"15ca0b2fa6a4f8b2236dd60051540b31c8b3e46bbc7d1563d7c05a5f03437cc2","/static/js/787.230f3968.chunk.js.map":"3001029a1199da62fd8987f7d8443843aae9a9b0a5e82c6664e07065ffd80620","/static/js/main.fcf621fa.js.LICENSE.txt":"2fceb69c164b29f884411cd1ba495631bf812a5488abc1ef17dae80b02e73a33","/static/css/main.e3c99681.css":"7e97ba6e0c6e30f16d637f971fbe361fb1dfa370afd5c50b61494d6f3197fcb9","/static/css/main.e3c99681.css.map":"f5aa0d05c1251d8f28b2a06537d8e88e03f35caa3fb5081fb8b44d2528683562","/static/js/main.fcf621fa.js":"7cea56249c3ea1b54d5db44c314407a087368cb7b13ff1f1c0af46a90aa1615c","/static/media/hero-1.25c484713a41f8953b01.png":"0486dd1a2cc4c4c7a2e6c8f89b28d4ed3f483046863d39f88bc22c6c4aa1d20c","/static/js/main.fcf621fa.js.map":"7463b8f8e3161502e3736dcf5cff91f8de8c8a704768f3cdde0c0a8e38498a95"}}
[debug] [2022-11-11T17:40:03.680Z] <<< [apiv2][status] POST https://firebasehosting.googleapis.com/v1beta1/projects/324395409426/sites/dental-care-amjayem/versions/27c195cb72aa183f:populateFiles 200
[debug] [2022-11-11T17:40:03.681Z] <<< [apiv2][body] POST https://firebasehosting.googleapis.com/v1beta1/projects/324395409426/sites/dental-care-amjayem/versions/27c195cb72aa183f:populateFiles {"uploadRequiredHashes":["8175d43929f2e69c8cc339eb970ae51077808a59a794ff6be74ccc8d94bea0fe","7cea56249c3ea1b54d5db44c314407a087368cb7b13ff1f1c0af46a90aa1615c","7463b8f8e3161502e3736dcf5cff91f8de8c8a704768f3cdde0c0a8e38498a95","bde9c78b5dcfda086f8054c4c7a34aa9bb2be0755ebc10ddfac4e4af56552297"],"uploadUrl":"https://upload-firebasehosting.googleapis.com/upload/sites/dental-care-amjayem/versions/27c195cb72aa183f/files"}
[debug] [2022-11-11T17:40:03.683Z] >>> [apiv2][query] POST https://upload-firebasehosting.googleapis.com/upload/sites/dental-care-amjayem/versions/27c195cb72aa183f/files/8175d43929f2e69c8cc339eb970ae51077808a59a794ff6be74ccc8d94bea0fe [none]
[debug] [2022-11-11T17:40:03.683Z] >>> [apiv2][body] POST https://upload-firebasehosting.googleapis.com/upload/sites/dental-care-amjayem/versions/27c195cb72aa183f/files/8175d43929f2e69c8cc339eb970ae51077808a59a794ff6be74ccc8d94bea0fe [stream]
[debug] [2022-11-11T17:40:03.684Z] >>> [apiv2][query] POST https://upload-firebasehosting.googleapis.com/upload/sites/dental-care-amjayem/versions/27c195cb72aa183f/files/7cea56249c3ea1b54d5db44c314407a087368cb7b13ff1f1c0af46a90aa1615c [none]
[debug] [2022-11-11T17:40:03.684Z] >>> [apiv2][body] POST https://upload-firebasehosting.googleapis.com/upload/sites/dental-care-amjayem/versions/27c195cb72aa183f/files/7cea56249c3ea1b54d5db44c314407a087368cb7b13ff1f1c0af46a90aa1615c [stream]
[debug] [2022-11-11T17:40:03.685Z] >>> [apiv2][query] POST https://upload-firebasehosting.googleapis.com/upload/sites/dental-care-amjayem/versions/27c195cb72aa183f/files/7463b8f8e3161502e3736dcf5cff91f8de8c8a704768f3cdde0c0a8e38498a95 [none]
[debug] [2022-11-11T17:40:03.685Z] >>> [apiv2][body] POST https://upload-firebasehosting.googleapis.com/upload/sites/dental-care-amjayem/versions/27c195cb72aa183f/files/7463b8f8e3161502e3736dcf5cff91f8de8c8a704768f3cdde0c0a8e38498a95 [stream]
[debug] [2022-11-11T17:40:03.686Z] >>> [apiv2][query] POST https://upload-firebasehosting.googleapis.com/upload/sites/dental-care-amjayem/versions/27c195cb72aa183f/files/bde9c78b5dcfda086f8054c4c7a34aa9bb2be0755ebc10ddfac4e4af56552297 [none]
[debug] [2022-11-11T17:40:03.686Z] >>> [apiv2][body] POST https://upload-firebasehosting.googleapis.com/upload/sites/dental-care-amjayem/versions/27c195cb72aa183f/files/bde9c78b5dcfda086f8054c4c7a34aa9bb2be0755ebc10ddfac4e4af56552297 [stream]
[debug] [2022-11-11T17:40:03.687Z] [hosting][populate queue][FINAL] {"max":1301,"min":1301,"avg":1301,"active":0,"complete":1,"success":1,"errored":0,"retried":0,"total":1,"elapsed":1306}
[debug] [2022-11-11T17:40:03.687Z] [hosting] uploads queued: 4
[debug] [2022-11-11T17:40:06.239Z] <<< [apiv2][status] POST https://upload-firebasehosting.googleapis.com/upload/sites/dental-care-amjayem/versions/27c195cb72aa183f/files/7463b8f8e3161502e3736dcf5cff91f8de8c8a704768f3cdde0c0a8e38498a95 200
[debug] [2022-11-11T17:40:06.239Z] <<< [apiv2][body] POST https://upload-firebasehosting.googleapis.com/upload/sites/dental-care-amjayem/versions/27c195cb72aa183f/files/7463b8f8e3161502e3736dcf5cff91f8de8c8a704768f3cdde0c0a8e38498a95 [stream]
[debug] [2022-11-11T17:40:06.654Z] <<< [apiv2][status] POST https://upload-firebasehosting.googleapis.com/upload/sites/dental-care-amjayem/versions/27c195cb72aa183f/files/8175d43929f2e69c8cc339eb970ae51077808a59a794ff6be74ccc8d94bea0fe 200
[debug] [2022-11-11T17:40:06.654Z] <<< [apiv2][body] POST https://upload-firebasehosting.googleapis.com/upload/sites/dental-care-amjayem/versions/27c195cb72aa183f/files/8175d43929f2e69c8cc339eb970ae51077808a59a794ff6be74ccc8d94bea0fe [stream]
[debug] [2022-11-11T17:40:06.831Z] <<< [apiv2][status] POST https://upload-firebasehosting.googleapis.com/upload/sites/dental-care-amjayem/versions/27c195cb72aa183f/files/bde9c78b5dcfda086f8054c4c7a34aa9bb2be0755ebc10ddfac4e4af56552297 200
[debug] [2022-11-11T17:40:06.831Z] <<< [apiv2][body] POST https://upload-firebasehosting.googleapis.com/upload/sites/dental-care-amjayem/versions/27c195cb72aa183f/files/bde9c78b5dcfda086f8054c4c7a34aa9bb2be0755ebc10ddfac4e4af56552297 [stream]
[debug] [2022-11-11T17:40:06.833Z] <<< [apiv2][status] POST https://upload-firebasehosting.googleapis.com/upload/sites/dental-care-amjayem/versions/27c195cb72aa183f/files/7cea56249c3ea1b54d5db44c314407a087368cb7b13ff1f1c0af46a90aa1615c 200
[debug] [2022-11-11T17:40:06.833Z] <<< [apiv2][body] POST https://upload-firebasehosting.googleapis.com/upload/sites/dental-care-amjayem/versions/27c195cb72aa183f/files/7cea56249c3ea1b54d5db44c314407a087368cb7b13ff1f1c0af46a90aa1615c [stream]
[debug] [2022-11-11T17:40:06.833Z] [hosting][upload queue][FINAL] {"max":3152,"min":2557,"avg":2958,"active":0,"complete":4,"success":4,"errored":0,"retried":0,"total":4,"elapsed":3152}
[info] +  hosting[dental-care-amjayem]: file upload complete 
[debug] [2022-11-11T17:40:06.834Z] [hosting] deploy completed after 4720ms
[debug] [2022-11-11T17:40:06.837Z] [
  {
    "config": {
      "public": "build",
      "ignore": [
        "firebase.json",
        "**/.*",
        "**/node_modules/**"
      ],
      "rewrites": [
        {
          "source": "**",
          "destination": "/index.html"
        }
      ],
      "site": "dental-care-amjayem"
    },
    "version": "projects/324395409426/sites/dental-care-amjayem/versions/27c195cb72aa183f"
  }
]
[info] i  hosting[dental-care-amjayem]: finalizing version... 
[debug] [2022-11-11T17:40:06.841Z] >>> [apiv2][query] PATCH https://firebasehosting.googleapis.com/v1beta1/projects/-/sites/dental-care-amjayem/versions/27c195cb72aa183f updateMask=status%2Cconfig
[debug] [2022-11-11T17:40:06.842Z] >>> [apiv2][body] PATCH https://firebasehosting.googleapis.com/v1beta1/projects/-/sites/dental-care-amjayem/versions/27c195cb72aa183f {"status":"FINALIZED","config":{"rewrites":[{"glob":"**","path":"/index.html"}]}}
[debug] [2022-11-11T17:40:08.154Z] <<< [apiv2][status] PATCH https://firebasehosting.googleapis.com/v1beta1/projects/-/sites/dental-care-amjayem/versions/27c195cb72aa183f 200
[debug] [2022-11-11T17:40:08.154Z] <<< [apiv2][body] PATCH https://firebasehosting.googleapis.com/v1beta1/projects/-/sites/dental-care-amjayem/versions/27c195cb72aa183f {"name":"projects/324395409426/sites/dental-care-amjayem/versions/27c195cb72aa183f","status":"FINALIZED","config":{"rewrites":[{"glob":"**","path":"/index.html"}]},"labels":{"deployment-tool":"cli-firebase"},"createTime":"2022-11-11T17:40:02.855813Z","createUser":{"email":"csejayem19@gmail.com"},"finalizeTime":"2022-11-11T17:40:09.186421Z","finalizeUser":{"email":"csejayem19@gmail.com"}}
[debug] [2022-11-11T17:40:08.154Z] [hosting] finalized version for dental-care-amjayem:[object Object]
[info] +  hosting[dental-care-amjayem]: version finalized 
[info] i  hosting[dental-care-amjayem]: releasing new version... 
[debug] [2022-11-11T17:40:08.155Z] >>> [apiv2][query] POST https://firebasehosting.googleapis.com/v1beta1/projects/-/sites/dental-care-amjayem/channels/live/releases versionName=projects%2F324395409426%2Fsites%2Fdental-care-amjayem%2Fversions%2F27c195cb72aa183f
[debug] [2022-11-11T17:40:08.155Z] >>> [apiv2][body] POST https://firebasehosting.googleapis.com/v1beta1/projects/-/sites/dental-care-amjayem/channels/live/releases {}
[debug] [2022-11-11T17:40:09.446Z] <<< [apiv2][status] POST https://firebasehosting.googleapis.com/v1beta1/projects/-/sites/dental-care-amjayem/channels/live/releases 200
[debug] [2022-11-11T17:40:09.446Z] <<< [apiv2][body] POST https://firebasehosting.googleapis.com/v1beta1/projects/-/sites/dental-care-amjayem/channels/live/releases {"name":"projects/324395409426/sites/dental-care-amjayem/channels/live/releases/1668188409893785","version":{"name":"projects/324395409426/sites/dental-care-amjayem/versions/27c195cb72aa183f","status":"FINALIZED","config":{"rewrites":[{"glob":"**","path":"/index.html"}]},"labels":{"deployment-tool":"cli-firebase"},"createTime":"2022-11-11T17:40:02.855813Z","createUser":{"email":"csejayem19@gmail.com","imageUrl":"https://lh3.googleusercontent.com/a/ALm5wu0NqUOjUv6RisAE-abh9F8kRKygRRtjNMoxq1HvLg"},"finalizeTime":"2022-11-11T17:40:09.186421Z","finalizeUser":{"email":"csejayem19@gmail.com","imageUrl":"https://lh3.googleusercontent.com/a/ALm5wu0NqUOjUv6RisAE-abh9F8kRKygRRtjNMoxq1HvLg"}},"type":"DEPLOY","releaseTime":"2022-11-11T17:40:09.893785118Z","releaseUser":{"email":"csejayem19@gmail.com","imageUrl":"https://lh3.googleusercontent.com/a/ALm5wu0NqUOjUv6RisAE-abh9F8kRKygRRtjNMoxq1HvLg"}}
[debug] [2022-11-11T17:40:09.446Z] [hosting] release: {"name":"projects/324395409426/sites/dental-care-amjayem/channels/live/releases/1668188409893785","version":{"name":"projects/324395409426/sites/dental-care-amjayem/versions/27c195cb72aa183f","status":"FINALIZED","config":{"rewrites":[{"glob":"**","path":"/index.html"}]},"labels":{"deployment-tool":"cli-firebase"},"createTime":"2022-11-11T17:40:02.855813Z","createUser":{"email":"csejayem19@gmail.com","imageUrl":"https://lh3.googleusercontent.com/a/ALm5wu0NqUOjUv6RisAE-abh9F8kRKygRRtjNMoxq1HvLg"},"finalizeTime":"2022-11-11T17:40:09.186421Z","finalizeUser":{"email":"csejayem19@gmail.com","imageUrl":"https://lh3.googleusercontent.com/a/ALm5wu0NqUOjUv6RisAE-abh9F8kRKygRRtjNMoxq1HvLg"}},"type":"DEPLOY","releaseTime":"2022-11-11T17:40:09.893785118Z","releaseUser":{"email":"csejayem19@gmail.com","imageUrl":"https://lh3.googleusercontent.com/a/ALm5wu0NqUOjUv6RisAE-abh9F8kRKygRRtjNMoxq1HvLg"}}
[info] +  hosting[dental-care-amjayem]: release complete 
